Performing C SOURCE FILE Test CMAKE_HAVE_LIBC_PTHREAD failed with the following output:
Change Dir: /15-445/bustub-master/build-release/CMakeFiles/CMakeTmp

Run Build Command(s):/usr/bin/make cmTC_39a0e/fast && /usr/bin/make -f CMakeFiles/cmTC_39a0e.dir/build.make CMakeFiles/cmTC_39a0e.dir/build
make[1]: Entering directory '/15-445/bustub-master/build-release/CMakeFiles/CMakeTmp'
Building C object CMakeFiles/cmTC_39a0e.dir/src.c.o
/usr/bin/clang-12   -DCMAKE_HAVE_LIBC_PTHREAD -fPIE   -o CMakeFiles/cmTC_39a0e.dir/src.c.o   -c /15-445/bustub-master/build-release/CMakeFiles/CMakeTmp/src.c
Linking C executable cmTC_39a0e
/usr/bin/cmake -E cmake_link_script CMakeFiles/cmTC_39a0e.dir/link.txt --verbose=1
/usr/bin/clang-12  -DCMAKE_HAVE_LIBC_PTHREAD    CMakeFiles/cmTC_39a0e.dir/src.c.o  -o cmTC_39a0e 
/usr/bin/ld: CMakeFiles/cmTC_39a0e.dir/src.c.o: in function `main':
src.c:(.text+0x32): undefined reference to `pthread_create'
/usr/bin/ld: src.c:(.text+0x3b): undefined reference to `pthread_detach'
/usr/bin/ld: src.c:(.text+0x48): undefined reference to `pthread_join'
clang: error: linker command failed with exit code 1 (use -v to see invocation)
make[1]: *** [CMakeFiles/cmTC_39a0e.dir/build.make:87: cmTC_39a0e] Error 1
make[1]: Leaving directory '/15-445/bustub-master/build-release/CMakeFiles/CMakeTmp'
make: *** [Makefile:121: cmTC_39a0e/fast] Error 2


Source file was:
#include <pthread.h>

void* test_func(void* data)
{
  return data;
}

int main(void)
{
  pthread_t thread;
  pthread_create(&thread, NULL, test_func, NULL);
  pthread_detach(thread);
  pthread_join(thread, NULL);
  pthread_atfork(NULL, NULL, NULL);
  pthread_exit(NULL);

  return 0;
}

Determining if the function pthread_create exists in the pthreads failed with the following output:
Change Dir: /15-445/bustub-master/build-release/CMakeFiles/CMakeTmp

Run Build Command(s):/usr/bin/make cmTC_24e42/fast && /usr/bin/make -f CMakeFiles/cmTC_24e42.dir/build.make CMakeFiles/cmTC_24e42.dir/build
make[1]: Entering directory '/15-445/bustub-master/build-release/CMakeFiles/CMakeTmp'
Building C object CMakeFiles/cmTC_24e42.dir/CheckFunctionExists.c.o
/usr/bin/clang-12   -DCHECK_FUNCTION_EXISTS=pthread_create -fPIE   -o CMakeFiles/cmTC_24e42.dir/CheckFunctionExists.c.o   -c /usr/share/cmake-3.16/Modules/CheckFunctionExists.c
Linking C executable cmTC_24e42
/usr/bin/cmake -E cmake_link_script CMakeFiles/cmTC_24e42.dir/link.txt --verbose=1
/usr/bin/clang-12  -DCHECK_FUNCTION_EXISTS=pthread_create    CMakeFiles/cmTC_24e42.dir/CheckFunctionExists.c.o  -o cmTC_24e42  -lpthreads 
/usr/bin/ld: cannot find -lpthreads
clang: error: linker command failed with exit code 1 (use -v to see invocation)
make[1]: *** [CMakeFiles/cmTC_24e42.dir/build.make:87: cmTC_24e42] Error 1
make[1]: Leaving directory '/15-445/bustub-master/build-release/CMakeFiles/CMakeTmp'
make: *** [Makefile:121: cmTC_24e42/fast] Error 2



